ERROR - 2022-03-26 01:12:39 --> Error connecting to the database: Connection refused
CRITICAL - 2022-03-26 01:12:39 --> Unable to connect to the database.
Main connection [MySQLi]: Connection refused
#0 /Users/mohammadsulthan/Projects/Web/wasteco/vendor/codeigniter4/framework/system/Database/BaseConnection.php(577): CodeIgniter\Database\BaseConnection->initialize()
#1 /Users/mohammadsulthan/Projects/Web/wasteco/vendor/codeigniter4/framework/system/Database/BaseBuilder.php(1455): CodeIgniter\Database\BaseConnection->query('SELECT *\nFROM `...', Array, false)
#2 /Users/mohammadsulthan/Projects/Web/wasteco/vendor/codeigniter4/framework/system/Model.php(183): CodeIgniter\Database\BaseBuilder->get()
#3 /Users/mohammadsulthan/Projects/Web/wasteco/vendor/codeigniter4/framework/system/BaseModel.php(584): CodeIgniter\Model->doFindAll(0, 0)
#4 /Users/mohammadsulthan/Projects/Web/wasteco/app/Controllers/Api/Challenge.php(14): CodeIgniter\BaseModel->findAll()
#5 /Users/mohammadsulthan/Projects/Web/wasteco/vendor/codeigniter4/framework/system/CodeIgniter.php(832): App\Controllers\API\Challenge->index()
#6 /Users/mohammadsulthan/Projects/Web/wasteco/vendor/codeigniter4/framework/system/CodeIgniter.php(419): CodeIgniter\CodeIgniter->runController(Object(App\Controllers\API\Challenge))
#7 /Users/mohammadsulthan/Projects/Web/wasteco/vendor/codeigniter4/framework/system/CodeIgniter.php(326): CodeIgniter\CodeIgniter->handleRequest(NULL, Object(Config\Cache), false)
#8 /Users/mohammadsulthan/Projects/Web/wasteco/public/index.php(37): CodeIgniter\CodeIgniter->run()
#9 /Users/mohammadsulthan/Projects/Web/wasteco/vendor/codeigniter4/framework/system/Commands/Server/rewrite.php(43): require_once('/Users/mohammad...')
#10 {main}
CRITICAL - 2022-03-26 01:19:51 --> Undefined property: App\Controllers\API\Challenge::$input
#0 /Users/mohammadsulthan/Projects/Web/wasteco/app/Controllers/API/Challenge.php(20): CodeIgniter\Debug\Exceptions->errorHandler(8, 'Undefined prope...', '/Users/mohammad...', 20, Array)
#1 /Users/mohammadsulthan/Projects/Web/wasteco/vendor/codeigniter4/framework/system/CodeIgniter.php(832): App\Controllers\API\Challenge->join()
#2 /Users/mohammadsulthan/Projects/Web/wasteco/vendor/codeigniter4/framework/system/CodeIgniter.php(419): CodeIgniter\CodeIgniter->runController(Object(App\Controllers\API\Challenge))
#3 /Users/mohammadsulthan/Projects/Web/wasteco/vendor/codeigniter4/framework/system/CodeIgniter.php(326): CodeIgniter\CodeIgniter->handleRequest(NULL, Object(Config\Cache), false)
#4 /Users/mohammadsulthan/Projects/Web/wasteco/public/index.php(37): CodeIgniter\CodeIgniter->run()
#5 /Users/mohammadsulthan/Projects/Web/wasteco/vendor/codeigniter4/framework/system/Commands/Server/rewrite.php(43): require_once('/Users/mohammad...')
#6 {main}
CRITICAL - 2022-03-26 01:22:01 --> Too few arguments to function App\Controllers\API\Challenge::__construct(), 0 passed in /Users/mohammadsulthan/Projects/Web/wasteco/vendor/codeigniter4/framework/system/CodeIgniter.php on line 809 and exactly 1 expected
#0 /Users/mohammadsulthan/Projects/Web/wasteco/vendor/codeigniter4/framework/system/CodeIgniter.php(809): App\Controllers\API\Challenge->__construct()
#1 /Users/mohammadsulthan/Projects/Web/wasteco/vendor/codeigniter4/framework/system/CodeIgniter.php(410): CodeIgniter\CodeIgniter->createController()
#2 /Users/mohammadsulthan/Projects/Web/wasteco/vendor/codeigniter4/framework/system/CodeIgniter.php(326): CodeIgniter\CodeIgniter->handleRequest(NULL, Object(Config\Cache), false)
#3 /Users/mohammadsulthan/Projects/Web/wasteco/public/index.php(37): CodeIgniter\CodeIgniter->run()
#4 /Users/mohammadsulthan/Projects/Web/wasteco/vendor/codeigniter4/framework/system/Commands/Server/rewrite.php(43): require_once('/Users/mohammad...')
#5 {main}
CRITICAL - 2022-03-26 01:31:21 --> count(): Parameter must be an array or an object that implements Countable
#0 [internal function]: CodeIgniter\Debug\Exceptions->errorHandler(2, 'count(): Parame...', '/Users/mohammad...', 30, Array)
#1 /Users/mohammadsulthan/Projects/Web/wasteco/app/Controllers/API/Challenge.php(30): count(NULL)
#2 /Users/mohammadsulthan/Projects/Web/wasteco/vendor/codeigniter4/framework/system/CodeIgniter.php(832): App\Controllers\API\Challenge->join()
#3 /Users/mohammadsulthan/Projects/Web/wasteco/vendor/codeigniter4/framework/system/CodeIgniter.php(419): CodeIgniter\CodeIgniter->runController(Object(App\Controllers\API\Challenge))
#4 /Users/mohammadsulthan/Projects/Web/wasteco/vendor/codeigniter4/framework/system/CodeIgniter.php(326): CodeIgniter\CodeIgniter->handleRequest(NULL, Object(Config\Cache), false)
#5 /Users/mohammadsulthan/Projects/Web/wasteco/public/index.php(37): CodeIgniter\CodeIgniter->run()
#6 /Users/mohammadsulthan/Projects/Web/wasteco/vendor/codeigniter4/framework/system/Commands/Server/rewrite.php(43): require_once('/Users/mohammad...')
#7 {main}
CRITICAL - 2022-03-26 01:31:34 --> count(): Parameter must be an array or an object that implements Countable
#0 [internal function]: CodeIgniter\Debug\Exceptions->errorHandler(2, 'count(): Parame...', '/Users/mohammad...', 31, Array)
#1 /Users/mohammadsulthan/Projects/Web/wasteco/app/Controllers/API/Challenge.php(31): count(NULL)
#2 /Users/mohammadsulthan/Projects/Web/wasteco/vendor/codeigniter4/framework/system/CodeIgniter.php(832): App\Controllers\API\Challenge->join()
#3 /Users/mohammadsulthan/Projects/Web/wasteco/vendor/codeigniter4/framework/system/CodeIgniter.php(419): CodeIgniter\CodeIgniter->runController(Object(App\Controllers\API\Challenge))
#4 /Users/mohammadsulthan/Projects/Web/wasteco/vendor/codeigniter4/framework/system/CodeIgniter.php(326): CodeIgniter\CodeIgniter->handleRequest(NULL, Object(Config\Cache), false)
#5 /Users/mohammadsulthan/Projects/Web/wasteco/public/index.php(37): CodeIgniter\CodeIgniter->run()
#6 /Users/mohammadsulthan/Projects/Web/wasteco/vendor/codeigniter4/framework/system/Commands/Server/rewrite.php(43): require_once('/Users/mohammad...')
#7 {main}
CRITICAL - 2022-03-26 01:31:52 --> count(): Parameter must be an array or an object that implements Countable
#0 [internal function]: CodeIgniter\Debug\Exceptions->errorHandler(2, 'count(): Parame...', '/Users/mohammad...', 31, Array)
#1 /Users/mohammadsulthan/Projects/Web/wasteco/app/Controllers/API/Challenge.php(31): count('3')
#2 /Users/mohammadsulthan/Projects/Web/wasteco/vendor/codeigniter4/framework/system/CodeIgniter.php(832): App\Controllers\API\Challenge->join()
#3 /Users/mohammadsulthan/Projects/Web/wasteco/vendor/codeigniter4/framework/system/CodeIgniter.php(419): CodeIgniter\CodeIgniter->runController(Object(App\Controllers\API\Challenge))
#4 /Users/mohammadsulthan/Projects/Web/wasteco/vendor/codeigniter4/framework/system/CodeIgniter.php(326): CodeIgniter\CodeIgniter->handleRequest(NULL, Object(Config\Cache), false)
#5 /Users/mohammadsulthan/Projects/Web/wasteco/public/index.php(37): CodeIgniter\CodeIgniter->run()
#6 /Users/mohammadsulthan/Projects/Web/wasteco/vendor/codeigniter4/framework/system/Commands/Server/rewrite.php(43): require_once('/Users/mohammad...')
#7 {main}
CRITICAL - 2022-03-26 01:31:58 --> count(): Parameter must be an array or an object that implements Countable
#0 [internal function]: CodeIgniter\Debug\Exceptions->errorHandler(2, 'count(): Parame...', '/Users/mohammad...', 31, Array)
#1 /Users/mohammadsulthan/Projects/Web/wasteco/app/Controllers/API/Challenge.php(31): count('3')
#2 /Users/mohammadsulthan/Projects/Web/wasteco/vendor/codeigniter4/framework/system/CodeIgniter.php(832): App\Controllers\API\Challenge->join()
#3 /Users/mohammadsulthan/Projects/Web/wasteco/vendor/codeigniter4/framework/system/CodeIgniter.php(419): CodeIgniter\CodeIgniter->runController(Object(App\Controllers\API\Challenge))
#4 /Users/mohammadsulthan/Projects/Web/wasteco/vendor/codeigniter4/framework/system/CodeIgniter.php(326): CodeIgniter\CodeIgniter->handleRequest(NULL, Object(Config\Cache), false)
#5 /Users/mohammadsulthan/Projects/Web/wasteco/public/index.php(37): CodeIgniter\CodeIgniter->run()
#6 /Users/mohammadsulthan/Projects/Web/wasteco/vendor/codeigniter4/framework/system/Commands/Server/rewrite.php(43): require_once('/Users/mohammad...')
#7 {main}
CRITICAL - 2022-03-26 01:36:36 --> There is no data to insert.
#0 /Users/mohammadsulthan/Projects/Web/wasteco/vendor/codeigniter4/framework/system/BaseModel.php(718): CodeIgniter\Database\Exceptions\DataException::forEmptyDataset('insert')
#1 /Users/mohammadsulthan/Projects/Web/wasteco/vendor/codeigniter4/framework/system/Model.php(625): CodeIgniter\BaseModel->insert(Array, true)
#2 /Users/mohammadsulthan/Projects/Web/wasteco/app/Controllers/API/Challenge.php(40): CodeIgniter\Model->insert(Array)
#3 /Users/mohammadsulthan/Projects/Web/wasteco/vendor/codeigniter4/framework/system/CodeIgniter.php(832): App\Controllers\API\Challenge->join()
#4 /Users/mohammadsulthan/Projects/Web/wasteco/vendor/codeigniter4/framework/system/CodeIgniter.php(419): CodeIgniter\CodeIgniter->runController(Object(App\Controllers\API\Challenge))
#5 /Users/mohammadsulthan/Projects/Web/wasteco/vendor/codeigniter4/framework/system/CodeIgniter.php(326): CodeIgniter\CodeIgniter->handleRequest(NULL, Object(Config\Cache), false)
#6 /Users/mohammadsulthan/Projects/Web/wasteco/public/index.php(37): CodeIgniter\CodeIgniter->run()
#7 /Users/mohammadsulthan/Projects/Web/wasteco/vendor/codeigniter4/framework/system/Commands/Server/rewrite.php(43): require_once('/Users/mohammad...')
#8 {main}
CRITICAL - 2022-03-26 01:45:31 --> There is no data to insert.
#0 /Users/mohammadsulthan/Projects/Web/wasteco/vendor/codeigniter4/framework/system/BaseModel.php(718): CodeIgniter\Database\Exceptions\DataException::forEmptyDataset('insert')
#1 /Users/mohammadsulthan/Projects/Web/wasteco/vendor/codeigniter4/framework/system/Model.php(625): CodeIgniter\BaseModel->insert(Array, true)
#2 /Users/mohammadsulthan/Projects/Web/wasteco/app/Controllers/API/Challenge.php(43): CodeIgniter\Model->insert(Array)
#3 /Users/mohammadsulthan/Projects/Web/wasteco/vendor/codeigniter4/framework/system/CodeIgniter.php(832): App\Controllers\API\Challenge->join()
#4 /Users/mohammadsulthan/Projects/Web/wasteco/vendor/codeigniter4/framework/system/CodeIgniter.php(419): CodeIgniter\CodeIgniter->runController(Object(App\Controllers\API\Challenge))
#5 /Users/mohammadsulthan/Projects/Web/wasteco/vendor/codeigniter4/framework/system/CodeIgniter.php(326): CodeIgniter\CodeIgniter->handleRequest(NULL, Object(Config\Cache), false)
#6 /Users/mohammadsulthan/Projects/Web/wasteco/public/index.php(37): CodeIgniter\CodeIgniter->run()
#7 /Users/mohammadsulthan/Projects/Web/wasteco/vendor/codeigniter4/framework/system/Commands/Server/rewrite.php(43): require_once('/Users/mohammad...')
#8 {main}
CRITICAL - 2022-03-26 01:46:02 --> Array to string conversion
#0 /Users/mohammadsulthan/Projects/Web/wasteco/app/Controllers/API/Challenge.php(43): CodeIgniter\Debug\Exceptions->errorHandler(8, 'Array to string...', '/Users/mohammad...', 43, Array)
#1 /Users/mohammadsulthan/Projects/Web/wasteco/vendor/codeigniter4/framework/system/CodeIgniter.php(832): App\Controllers\API\Challenge->join()
#2 /Users/mohammadsulthan/Projects/Web/wasteco/vendor/codeigniter4/framework/system/CodeIgniter.php(419): CodeIgniter\CodeIgniter->runController(Object(App\Controllers\API\Challenge))
#3 /Users/mohammadsulthan/Projects/Web/wasteco/vendor/codeigniter4/framework/system/CodeIgniter.php(326): CodeIgniter\CodeIgniter->handleRequest(NULL, Object(Config\Cache), false)
#4 /Users/mohammadsulthan/Projects/Web/wasteco/public/index.php(37): CodeIgniter\CodeIgniter->run()
#5 /Users/mohammadsulthan/Projects/Web/wasteco/vendor/codeigniter4/framework/system/Commands/Server/rewrite.php(43): require_once('/Users/mohammad...')
#6 {main}
CRITICAL - 2022-03-26 01:46:09 --> There is no data to insert.
#0 /Users/mohammadsulthan/Projects/Web/wasteco/vendor/codeigniter4/framework/system/BaseModel.php(718): CodeIgniter\Database\Exceptions\DataException::forEmptyDataset('insert')
#1 /Users/mohammadsulthan/Projects/Web/wasteco/vendor/codeigniter4/framework/system/Model.php(625): CodeIgniter\BaseModel->insert(Array, true)
#2 /Users/mohammadsulthan/Projects/Web/wasteco/app/Controllers/API/Challenge.php(45): CodeIgniter\Model->insert(Array)
#3 /Users/mohammadsulthan/Projects/Web/wasteco/vendor/codeigniter4/framework/system/CodeIgniter.php(832): App\Controllers\API\Challenge->join()
#4 /Users/mohammadsulthan/Projects/Web/wasteco/vendor/codeigniter4/framework/system/CodeIgniter.php(419): CodeIgniter\CodeIgniter->runController(Object(App\Controllers\API\Challenge))
#5 /Users/mohammadsulthan/Projects/Web/wasteco/vendor/codeigniter4/framework/system/CodeIgniter.php(326): CodeIgniter\CodeIgniter->handleRequest(NULL, Object(Config\Cache), false)
#6 /Users/mohammadsulthan/Projects/Web/wasteco/public/index.php(37): CodeIgniter\CodeIgniter->run()
#7 /Users/mohammadsulthan/Projects/Web/wasteco/vendor/codeigniter4/framework/system/Commands/Server/rewrite.php(43): require_once('/Users/mohammad...')
#8 {main}
CRITICAL - 2022-03-26 01:47:26 --> There is no data to insert.
#0 /Users/mohammadsulthan/Projects/Web/wasteco/vendor/codeigniter4/framework/system/BaseModel.php(718): CodeIgniter\Database\Exceptions\DataException::forEmptyDataset('insert')
#1 /Users/mohammadsulthan/Projects/Web/wasteco/vendor/codeigniter4/framework/system/Model.php(625): CodeIgniter\BaseModel->insert(Array, true)
#2 /Users/mohammadsulthan/Projects/Web/wasteco/app/Controllers/API/Challenge.php(45): CodeIgniter\Model->insert(Array)
#3 /Users/mohammadsulthan/Projects/Web/wasteco/vendor/codeigniter4/framework/system/CodeIgniter.php(832): App\Controllers\API\Challenge->join()
#4 /Users/mohammadsulthan/Projects/Web/wasteco/vendor/codeigniter4/framework/system/CodeIgniter.php(419): CodeIgniter\CodeIgniter->runController(Object(App\Controllers\API\Challenge))
#5 /Users/mohammadsulthan/Projects/Web/wasteco/vendor/codeigniter4/framework/system/CodeIgniter.php(326): CodeIgniter\CodeIgniter->handleRequest(NULL, Object(Config\Cache), false)
#6 /Users/mohammadsulthan/Projects/Web/wasteco/public/index.php(37): CodeIgniter\CodeIgniter->run()
#7 /Users/mohammadsulthan/Projects/Web/wasteco/vendor/codeigniter4/framework/system/Commands/Server/rewrite.php(43): require_once('/Users/mohammad...')
#8 {main}
CRITICAL - 2022-03-26 01:53:56 --> Undefined offset: 1
#0 /Users/mohammadsulthan/Projects/Web/wasteco/vendor/codeigniter4/framework/system/Router/Router.php(431): CodeIgniter\Debug\Exceptions->errorHandler(8, 'Undefined offse...', '/Users/mohammad...', 431, Array)
#1 /Users/mohammadsulthan/Projects/Web/wasteco/vendor/codeigniter4/framework/system/Router/Router.php(154): CodeIgniter\Router\Router->checkRoutes('api/challenge_h...')
#2 /Users/mohammadsulthan/Projects/Web/wasteco/vendor/codeigniter4/framework/system/CodeIgniter.php(726): CodeIgniter\Router\Router->handle('api/challenge_h...')
#3 /Users/mohammadsulthan/Projects/Web/wasteco/vendor/codeigniter4/framework/system/CodeIgniter.php(368): CodeIgniter\CodeIgniter->tryToRouteIt(Object(CodeIgniter\Router\RouteCollection))
#4 /Users/mohammadsulthan/Projects/Web/wasteco/vendor/codeigniter4/framework/system/CodeIgniter.php(326): CodeIgniter\CodeIgniter->handleRequest(NULL, Object(Config\Cache), false)
#5 /Users/mohammadsulthan/Projects/Web/wasteco/public/index.php(37): CodeIgniter\CodeIgniter->run()
#6 /Users/mohammadsulthan/Projects/Web/wasteco/vendor/codeigniter4/framework/system/Commands/Server/rewrite.php(43): require_once('/Users/mohammad...')
#7 {main}
ERROR - 2022-03-26 01:54:20 --> Table 'wasteco.challenges' doesn't exist
CRITICAL - 2022-03-26 01:54:20 --> Table 'wasteco.challenges' doesn't exist
#0 /Users/mohammadsulthan/Projects/Web/wasteco/vendor/codeigniter4/framework/system/Database/MySQLi/Connection.php(292): mysqli->query('SELECT *\nFROM `...', 0)
#1 /Users/mohammadsulthan/Projects/Web/wasteco/vendor/codeigniter4/framework/system/Database/BaseConnection.php(670): CodeIgniter\Database\MySQLi\Connection->execute('SELECT *\nFROM `...')
#2 /Users/mohammadsulthan/Projects/Web/wasteco/vendor/codeigniter4/framework/system/Database/BaseConnection.php(598): CodeIgniter\Database\BaseConnection->simpleQuery('SELECT *\nFROM `...')
#3 /Users/mohammadsulthan/Projects/Web/wasteco/vendor/codeigniter4/framework/system/Database/BaseBuilder.php(1455): CodeIgniter\Database\BaseConnection->query('SELECT *\nFROM `...', Array, false)
#4 /Users/mohammadsulthan/Projects/Web/wasteco/vendor/codeigniter4/framework/system/Model.php(183): CodeIgniter\Database\BaseBuilder->get()
#5 /Users/mohammadsulthan/Projects/Web/wasteco/vendor/codeigniter4/framework/system/BaseModel.php(584): CodeIgniter\Model->doFindAll(0, 0)
#6 /Users/mohammadsulthan/Projects/Web/wasteco/app/Controllers/API/ChallengeHarian.php(26): CodeIgniter\BaseModel->findAll()
#7 /Users/mohammadsulthan/Projects/Web/wasteco/vendor/codeigniter4/framework/system/CodeIgniter.php(832): App\Controllers\API\ChallengeHarian->index()
#8 /Users/mohammadsulthan/Projects/Web/wasteco/vendor/codeigniter4/framework/system/CodeIgniter.php(419): CodeIgniter\CodeIgniter->runController(Object(App\Controllers\API\ChallengeHarian))
#9 /Users/mohammadsulthan/Projects/Web/wasteco/vendor/codeigniter4/framework/system/CodeIgniter.php(326): CodeIgniter\CodeIgniter->handleRequest(NULL, Object(Config\Cache), false)
#10 /Users/mohammadsulthan/Projects/Web/wasteco/public/index.php(37): CodeIgniter\CodeIgniter->run()
#11 /Users/mohammadsulthan/Projects/Web/wasteco/vendor/codeigniter4/framework/system/Commands/Server/rewrite.php(43): require_once('/Users/mohammad...')
#12 {main}
ERROR - 2022-03-26 02:10:42 --> You have an error in your SQL syntax; check the manual that corresponds to your MariaDB server version for the right syntax to use near '`challenge_harian`.`user_id`
WHERE `user_id` = '1'' at line 3
CRITICAL - 2022-03-26 02:10:42 --> You have an error in your SQL syntax; check the manual that corresponds to your MariaDB server version for the right syntax to use near '`challenge_harian`.`user_id`
WHERE `user_id` = '1'' at line 3
#0 /Users/mohammadsulthan/Projects/Web/wasteco/vendor/codeigniter4/framework/system/Database/MySQLi/Connection.php(292): mysqli->query('SELECT *\nFROM `...', 0)
#1 /Users/mohammadsulthan/Projects/Web/wasteco/vendor/codeigniter4/framework/system/Database/BaseConnection.php(670): CodeIgniter\Database\MySQLi\Connection->execute('SELECT *\nFROM `...')
#2 /Users/mohammadsulthan/Projects/Web/wasteco/vendor/codeigniter4/framework/system/Database/BaseConnection.php(598): CodeIgniter\Database\BaseConnection->simpleQuery('SELECT *\nFROM `...')
#3 /Users/mohammadsulthan/Projects/Web/wasteco/vendor/codeigniter4/framework/system/Database/BaseBuilder.php(1455): CodeIgniter\Database\BaseConnection->query('SELECT *\nFROM `...', Array, false)
#4 /Users/mohammadsulthan/Projects/Web/wasteco/vendor/codeigniter4/framework/system/Model.php(183): CodeIgniter\Database\BaseBuilder->get()
#5 /Users/mohammadsulthan/Projects/Web/wasteco/vendor/codeigniter4/framework/system/BaseModel.php(584): CodeIgniter\Model->doFindAll(0, 0)
#6 /Users/mohammadsulthan/Projects/Web/wasteco/app/Controllers/API/ChallengeHarian.php(66): CodeIgniter\BaseModel->findAll()
#7 /Users/mohammadsulthan/Projects/Web/wasteco/vendor/codeigniter4/framework/system/CodeIgniter.php(832): App\Controllers\API\ChallengeHarian->getAllOngoingChallengeHarian()
#8 /Users/mohammadsulthan/Projects/Web/wasteco/vendor/codeigniter4/framework/system/CodeIgniter.php(419): CodeIgniter\CodeIgniter->runController(Object(App\Controllers\API\ChallengeHarian))
#9 /Users/mohammadsulthan/Projects/Web/wasteco/vendor/codeigniter4/framework/system/CodeIgniter.php(326): CodeIgniter\CodeIgniter->handleRequest(NULL, Object(Config\Cache), false)
#10 /Users/mohammadsulthan/Projects/Web/wasteco/public/index.php(37): CodeIgniter\CodeIgniter->run()
#11 /Users/mohammadsulthan/Projects/Web/wasteco/vendor/codeigniter4/framework/system/Commands/Server/rewrite.php(43): require_once('/Users/mohammad...')
#12 {main}
ERROR - 2022-03-26 02:11:08 --> You have an error in your SQL syntax; check the manual that corresponds to your MariaDB server version for the right syntax to use near '`ongoing_challenge`.`user_id`
WHERE `user_id` = '1'' at line 3
CRITICAL - 2022-03-26 02:11:08 --> You have an error in your SQL syntax; check the manual that corresponds to your MariaDB server version for the right syntax to use near '`ongoing_challenge`.`user_id`
WHERE `user_id` = '1'' at line 3
#0 /Users/mohammadsulthan/Projects/Web/wasteco/vendor/codeigniter4/framework/system/Database/MySQLi/Connection.php(292): mysqli->query('SELECT *\nFROM `...', 0)
#1 /Users/mohammadsulthan/Projects/Web/wasteco/vendor/codeigniter4/framework/system/Database/BaseConnection.php(670): CodeIgniter\Database\MySQLi\Connection->execute('SELECT *\nFROM `...')
#2 /Users/mohammadsulthan/Projects/Web/wasteco/vendor/codeigniter4/framework/system/Database/BaseConnection.php(598): CodeIgniter\Database\BaseConnection->simpleQuery('SELECT *\nFROM `...')
#3 /Users/mohammadsulthan/Projects/Web/wasteco/vendor/codeigniter4/framework/system/Database/BaseBuilder.php(1455): CodeIgniter\Database\BaseConnection->query('SELECT *\nFROM `...', Array, false)
#4 /Users/mohammadsulthan/Projects/Web/wasteco/vendor/codeigniter4/framework/system/Model.php(183): CodeIgniter\Database\BaseBuilder->get()
#5 /Users/mohammadsulthan/Projects/Web/wasteco/vendor/codeigniter4/framework/system/BaseModel.php(584): CodeIgniter\Model->doFindAll(0, 0)
#6 /Users/mohammadsulthan/Projects/Web/wasteco/app/Controllers/API/ChallengeHarian.php(66): CodeIgniter\BaseModel->findAll()
#7 /Users/mohammadsulthan/Projects/Web/wasteco/vendor/codeigniter4/framework/system/CodeIgniter.php(832): App\Controllers\API\ChallengeHarian->getAllOngoingChallengeHarian()
#8 /Users/mohammadsulthan/Projects/Web/wasteco/vendor/codeigniter4/framework/system/CodeIgniter.php(419): CodeIgniter\CodeIgniter->runController(Object(App\Controllers\API\ChallengeHarian))
#9 /Users/mohammadsulthan/Projects/Web/wasteco/vendor/codeigniter4/framework/system/CodeIgniter.php(326): CodeIgniter\CodeIgniter->handleRequest(NULL, Object(Config\Cache), false)
#10 /Users/mohammadsulthan/Projects/Web/wasteco/public/index.php(37): CodeIgniter\CodeIgniter->run()
#11 /Users/mohammadsulthan/Projects/Web/wasteco/vendor/codeigniter4/framework/system/Commands/Server/rewrite.php(43): require_once('/Users/mohammad...')
#12 {main}
ERROR - 2022-03-26 02:11:59 --> You have an error in your SQL syntax; check the manual that corresponds to your MariaDB server version for the right syntax to use near '`ongoing_challenge`.`user_id`
WHERE `user_id` = '1'' at line 3
CRITICAL - 2022-03-26 02:11:59 --> You have an error in your SQL syntax; check the manual that corresponds to your MariaDB server version for the right syntax to use near '`ongoing_challenge`.`user_id`
WHERE `user_id` = '1'' at line 3
#0 /Users/mohammadsulthan/Projects/Web/wasteco/vendor/codeigniter4/framework/system/Database/MySQLi/Connection.php(292): mysqli->query('SELECT *\nFROM `...', 0)
#1 /Users/mohammadsulthan/Projects/Web/wasteco/vendor/codeigniter4/framework/system/Database/BaseConnection.php(670): CodeIgniter\Database\MySQLi\Connection->execute('SELECT *\nFROM `...')
#2 /Users/mohammadsulthan/Projects/Web/wasteco/vendor/codeigniter4/framework/system/Database/BaseConnection.php(598): CodeIgniter\Database\BaseConnection->simpleQuery('SELECT *\nFROM `...')
#3 /Users/mohammadsulthan/Projects/Web/wasteco/vendor/codeigniter4/framework/system/Database/BaseBuilder.php(1455): CodeIgniter\Database\BaseConnection->query('SELECT *\nFROM `...', Array, false)
#4 /Users/mohammadsulthan/Projects/Web/wasteco/vendor/codeigniter4/framework/system/Model.php(183): CodeIgniter\Database\BaseBuilder->get()
#5 /Users/mohammadsulthan/Projects/Web/wasteco/vendor/codeigniter4/framework/system/BaseModel.php(584): CodeIgniter\Model->doFindAll(0, 0)
#6 /Users/mohammadsulthan/Projects/Web/wasteco/app/Controllers/API/ChallengeHarian.php(66): CodeIgniter\BaseModel->findAll()
#7 /Users/mohammadsulthan/Projects/Web/wasteco/vendor/codeigniter4/framework/system/CodeIgniter.php(832): App\Controllers\API\ChallengeHarian->getAllOngoingChallengeHarian()
#8 /Users/mohammadsulthan/Projects/Web/wasteco/vendor/codeigniter4/framework/system/CodeIgniter.php(419): CodeIgniter\CodeIgniter->runController(Object(App\Controllers\API\ChallengeHarian))
#9 /Users/mohammadsulthan/Projects/Web/wasteco/vendor/codeigniter4/framework/system/CodeIgniter.php(326): CodeIgniter\CodeIgniter->handleRequest(NULL, Object(Config\Cache), false)
#10 /Users/mohammadsulthan/Projects/Web/wasteco/public/index.php(37): CodeIgniter\CodeIgniter->run()
#11 /Users/mohammadsulthan/Projects/Web/wasteco/vendor/codeigniter4/framework/system/Commands/Server/rewrite.php(43): require_once('/Users/mohammad...')
#12 {main}
ERROR - 2022-03-26 02:12:14 --> You have an error in your SQL syntax; check the manual that corresponds to your MariaDB server version for the right syntax to use near '`ongoing_challenge`.`user_id`
WHERE `ongoing_challenge`.`user_id` = '1'' at line 3
CRITICAL - 2022-03-26 02:12:14 --> You have an error in your SQL syntax; check the manual that corresponds to your MariaDB server version for the right syntax to use near '`ongoing_challenge`.`user_id`
WHERE `ongoing_challenge`.`user_id` = '1'' at line 3
#0 /Users/mohammadsulthan/Projects/Web/wasteco/vendor/codeigniter4/framework/system/Database/MySQLi/Connection.php(292): mysqli->query('SELECT *\nFROM `...', 0)
#1 /Users/mohammadsulthan/Projects/Web/wasteco/vendor/codeigniter4/framework/system/Database/BaseConnection.php(670): CodeIgniter\Database\MySQLi\Connection->execute('SELECT *\nFROM `...')
#2 /Users/mohammadsulthan/Projects/Web/wasteco/vendor/codeigniter4/framework/system/Database/BaseConnection.php(598): CodeIgniter\Database\BaseConnection->simpleQuery('SELECT *\nFROM `...')
#3 /Users/mohammadsulthan/Projects/Web/wasteco/vendor/codeigniter4/framework/system/Database/BaseBuilder.php(1455): CodeIgniter\Database\BaseConnection->query('SELECT *\nFROM `...', Array, false)
#4 /Users/mohammadsulthan/Projects/Web/wasteco/vendor/codeigniter4/framework/system/Model.php(183): CodeIgniter\Database\BaseBuilder->get()
#5 /Users/mohammadsulthan/Projects/Web/wasteco/vendor/codeigniter4/framework/system/BaseModel.php(584): CodeIgniter\Model->doFindAll(0, 0)
#6 /Users/mohammadsulthan/Projects/Web/wasteco/app/Controllers/API/ChallengeHarian.php(66): CodeIgniter\BaseModel->findAll()
#7 /Users/mohammadsulthan/Projects/Web/wasteco/vendor/codeigniter4/framework/system/CodeIgniter.php(832): App\Controllers\API\ChallengeHarian->getAllOngoingChallengeHarian()
#8 /Users/mohammadsulthan/Projects/Web/wasteco/vendor/codeigniter4/framework/system/CodeIgniter.php(419): CodeIgniter\CodeIgniter->runController(Object(App\Controllers\API\ChallengeHarian))
#9 /Users/mohammadsulthan/Projects/Web/wasteco/vendor/codeigniter4/framework/system/CodeIgniter.php(326): CodeIgniter\CodeIgniter->handleRequest(NULL, Object(Config\Cache), false)
#10 /Users/mohammadsulthan/Projects/Web/wasteco/public/index.php(37): CodeIgniter\CodeIgniter->run()
#11 /Users/mohammadsulthan/Projects/Web/wasteco/vendor/codeigniter4/framework/system/Commands/Server/rewrite.php(43): require_once('/Users/mohammad...')
#12 {main}
